<?xml version="1.0" encoding="UTF-8"?>
<!-- Generated by org.testng.reporters.JUnitXMLReporter -->
<testsuite hostname="DESKTOP-NLC0EVM" name="Default test" tests="3" failures="0" timestamp="4 Sep 2020 01:15:53 GMT" time="16.178" errors="0">
  <testcase name="TC_01_ValidateCurrentUrl" time="0.045" classname="webdriver.Topic02_check_enviroment_testNG"/>
  <testcase name="TC_02_ValidatePageTitle" time="0.027" classname="webdriver.Topic02_check_enviroment_testNG"/>
  <testcase name="TC_03_LoginFormDisplayed" time="0.147" classname="webdriver.Topic02_check_enviroment_testNG"/>
</testsuite> <!-- Default test -->
