<?xml version="1.0" encoding="UTF-8"?>
<testng-results skipped="0" failed="0" total="3" passed="3">
  <reporter-output>
  </reporter-output>
  <suite name="Default suite" duration-ms="16178" started-at="2020-09-04T01:15:37Z" finished-at="2020-09-04T01:15:53Z">
    <groups>
    </groups>
    <test name="Default test" duration-ms="16178" started-at="2020-09-04T01:15:37Z" finished-at="2020-09-04T01:15:53Z">
      <class name="webdriver.Topic02_check_enviroment_testNG">
        <test-method status="PASS" signature="beforeClass()[pri:0, instance:webdriver.Topic02_check_enviroment_testNG@6a024a67]" name="beforeClass" is-config="true" duration-ms="14878" started-at="2020-09-04T08:15:37Z" finished-at="2020-09-04T08:15:52Z">
          <reporter-output>
          </reporter-output>
        </test-method> <!-- beforeClass -->
        <test-method status="PASS" signature="TC_01_ValidateCurrentUrl()[pri:0, instance:webdriver.Topic02_check_enviroment_testNG@6a024a67]" name="TC_01_ValidateCurrentUrl" duration-ms="45" started-at="2020-09-04T08:15:52Z" finished-at="2020-09-04T08:15:52Z">
          <reporter-output>
          </reporter-output>
        </test-method> <!-- TC_01_ValidateCurrentUrl -->
        <test-method status="PASS" signature="TC_02_ValidatePageTitle()[pri:0, instance:webdriver.Topic02_check_enviroment_testNG@6a024a67]" name="TC_02_ValidatePageTitle" duration-ms="27" started-at="2020-09-04T08:15:52Z" finished-at="2020-09-04T08:15:52Z">
          <reporter-output>
          </reporter-output>
        </test-method> <!-- TC_02_ValidatePageTitle -->
        <test-method status="PASS" signature="TC_03_LoginFormDisplayed()[pri:0, instance:webdriver.Topic02_check_enviroment_testNG@6a024a67]" name="TC_03_LoginFormDisplayed" duration-ms="147" started-at="2020-09-04T08:15:52Z" finished-at="2020-09-04T08:15:52Z">
          <reporter-output>
          </reporter-output>
        </test-method> <!-- TC_03_LoginFormDisplayed -->
        <test-method status="PASS" signature="afterClass()[pri:0, instance:webdriver.Topic02_check_enviroment_testNG@6a024a67]" name="afterClass" is-config="true" duration-ms="1054" started-at="2020-09-04T08:15:52Z" finished-at="2020-09-04T08:15:53Z">
          <reporter-output>
          </reporter-output>
        </test-method> <!-- afterClass -->
      </class> <!-- webdriver.Topic02_check_enviroment_testNG -->
    </test> <!-- Default test -->
  </suite> <!-- Default suite -->
</testng-results>
